<?xml version="1.0" encoding="UTF-8"?>
<!-- Generated by org.testng.reporters.JUnitReportReporter -->
<testsuite hostname="Saurabh" failures="0" tests="1" name="com.github.automatedowl.examples.WebHostTest" time="28.830" errors="0" timestamp="01 Aug 2019 11:48:46 GMT" skipped="0">
  <testcase classname="com.github.automatedowl.examples.WebHostTest" name="site88Test" time="28.830"/>
</testsuite> <!-- com.github.automatedowl.examples.WebHostTest -->
